2020.12.28 09:11:58 INFO  Started: Metals version 0.9.8 in workspace '/home/zhangyanqi/Research/Projects/openwhisk_archive/openwhisk-harv-vm-cgroup-azure-distributed-jsq' for client vscode.
2020.12.28 09:12:01 INFO  time: initialize in 3.43s
2020.12.28 09:12:03 WARN  Build server is not auto-connectable.
2020.12.28 09:12:03 WARN  no build target for: /home/zhangyanqi/Research/Projects/openwhisk_archive/openwhisk-harv-vm-cgroup-azure-distributed-jsq/common/scala/src/main/scala/org/apache/openwhisk/core/connector/Message.scala
2020.12.28 09:12:10 INFO  no build target: using presentation compiler with only scala-library
2020.12.28 09:13:06 WARN  no build target for: /home/zhangyanqi/Research/Projects/openwhisk_archive/openwhisk-harv-vm-cgroup-azure-distributed-jsq/core/controller/src/main/scala/org/apache/openwhisk/core/controller/Controller.scala
2020.12.28 09:13:14 WARN  no build target for: /home/zhangyanqi/Research/Projects/openwhisk_archive/openwhisk-harv-vm-cgroup-azure-distributed-jsq/core/controller/src/main/scala/org/apache/openwhisk/core/loadBalancer/HarvestVMContainerPoolBalancer.scala
2020.12.28 09:14:39 WARN  no build target for: /home/zhangyanqi/Research/Projects/openwhisk_archive/openwhisk-harv-vm-cgroup-azure-distributed-jsq/core/invoker/src/main/scala/org/apache/openwhisk/core/invoker/InvokerReactive.scala
2020.12.28 09:14:48 WARN  no build target for: /home/zhangyanqi/Research/Projects/openwhisk_archive/openwhisk-harv-vm-cgroup-azure-distributed-jsq/core/invoker/src/main/scala/org/apache/openwhisk/core/invoker/Invoker.scala
2020.12.28 09:14:58 WARN  no build target for: /home/zhangyanqi/Research/Projects/openwhisk_archive/openwhisk-harv-vm-cgroup-azure-distributed-jsq/core/invoker/src/main/scala/org/apache/openwhisk/core/containerpool/ContainerPool.scala
2020.12.28 15:26:12 INFO  shutting down Metals
2021.01.18 18:55:54 INFO  Started: Metals version 0.9.8 in workspace '/home/zhangyanqi/Research/Projects/openwhisk_archive/openwhisk-harv-vm-cgroup-azure-distributed-jsq' for client vscode.
2021.01.18 18:55:56 INFO  time: initialize in 2.1s
2021.01.18 18:55:57 WARN  Build server is not auto-connectable.
2021.01.18 18:55:58 INFO  skipping build import with status 'Requested'
2021.01.18 19:01:10 WARN  no build target for: /home/zhangyanqi/Research/Projects/openwhisk_archive/openwhisk-harv-vm-cgroup-azure-distributed-jsq/core/invoker/src/main/scala/org/apache/openwhisk/core/invoker/InvokerReactive.scala
2021.01.18 19:01:14 INFO  no build target: using presentation compiler with only scala-library
2021.01.18 19:01:32 WARN  no build target for: /home/zhangyanqi/Research/Projects/openwhisk_archive/openwhisk-harv-vm-cgroup-azure-distributed-jsq/common/scala/src/main/scala/org/apache/openwhisk/core/connector/Message.scala
2021.01.18 19:01:38 WARN  no build target for: /home/zhangyanqi/Research/Projects/openwhisk_archive/openwhisk-harv-vm-cgroup-azure-distributed-jsq/common/scala/src/main/scala/org/apache/openwhisk/core/connector/Message.scala
2021.01.18 19:01:44 WARN  no build target for: /home/zhangyanqi/Research/Projects/openwhisk_archive/openwhisk-harv-vm-cgroup-azure-distributed-jsq/common/scala/src/main/scala/org/apache/openwhisk/core/connector/Message.scala
2021.01.18 19:02:00 WARN  no build target for: /home/zhangyanqi/Research/Projects/openwhisk_archive/openwhisk-harv-vm-cgroup-azure-distributed-jsq/core/controller/src/main/scala/org/apache/openwhisk/core/loadBalancer/InvokerSupervision.scala
2021.01.18 19:02:20 WARN  no build target for: /home/zhangyanqi/Research/Projects/openwhisk_archive/openwhisk-harv-vm-cgroup-azure-distributed-jsq/core/controller/src/main/scala/org/apache/openwhisk/core/loadBalancer/InvokerSupervision.scala
2021.01.18 19:02:34 WARN  no build target for: /home/zhangyanqi/Research/Projects/openwhisk_archive/openwhisk-harv-vm-cgroup-azure-distributed-jsq/core/controller/src/main/scala/org/apache/openwhisk/core/loadBalancer/InvokerSupervision.scala
2021.01.18 19:02:38 WARN  no build target for: /home/zhangyanqi/Research/Projects/openwhisk_archive/openwhisk-harv-vm-cgroup-azure-distributed-jsq/core/controller/src/main/scala/org/apache/openwhisk/core/loadBalancer/LoadBalancer.scala
2021.01.18 19:02:46 WARN  no build target for: /home/zhangyanqi/Research/Projects/openwhisk_archive/openwhisk-harv-vm-cgroup-azure-distributed-jsq/core/controller/src/main/scala/org/apache/openwhisk/core/loadBalancer/LoadBalancer.scala
2021.01.18 19:02:53 WARN  no build target for: /home/zhangyanqi/Research/Projects/openwhisk_archive/openwhisk-harv-vm-cgroup-azure-distributed-jsq/core/controller/src/main/scala/org/apache/openwhisk/core/loadBalancer/LoadBalancer.scala
2021.01.18 19:03:03 WARN  no build target for: /home/zhangyanqi/Research/Projects/openwhisk_archive/openwhisk-harv-vm-cgroup-azure-distributed-jsq/core/controller/src/main/scala/org/apache/openwhisk/core/loadBalancer/LoadBalancer.scala
2021.01.18 19:03:07 WARN  no build target for: /home/zhangyanqi/Research/Projects/openwhisk_archive/openwhisk-harv-vm-cgroup-azure-distributed-jsq/core/controller/src/main/scala/org/apache/openwhisk/core/loadBalancer/LoadBalancer.scala
2021.01.18 19:06:57 WARN  no build target for: /home/zhangyanqi/Research/Projects/openwhisk_archive/openwhisk-harv-vm-cgroup-azure-distributed-jsq/core/controller/src/main/scala/org/apache/openwhisk/core/loadBalancer/CommonLoadBalancer.scala
Jan 18, 2021 7:06:58 PM org.eclipse.lsp4j.jsonrpc.RemoteEndpoint handleCancellation
WARNING: Unmatched cancel notification for request id 226
2021.01.18 19:07:15 WARN  no build target for: /home/zhangyanqi/Research/Projects/openwhisk_archive/openwhisk-harv-vm-cgroup-azure-distributed-jsq/core/controller/src/main/scala/org/apache/openwhisk/core/loadBalancer/HarvestVMContainerPoolBalancer.scala
2021.01.18 19:08:05 WARN  code navigation does not work for the file '/home/zhangyanqi/Research/Projects/openwhisk_archive/openwhisk-harv-vm-cgroup-azure-distributed-jsq/core/controller/src/main/scala/org/apache/openwhisk/core/loadBalancer/HarvestVMContainerPoolBalancer.scala' because it doesn't belong to a build target.
2021.01.18 19:08:24 WARN  no build target for: /home/zhangyanqi/Research/Projects/openwhisk_archive/openwhisk-harv-vm-cgroup-azure-distributed-jsq/core/controller/src/main/scala/org/apache/openwhisk/core/loadBalancer/HarvestVMContainerPoolBalancer.scala
2021.01.18 19:08:40 WARN  no build target for: /home/zhangyanqi/Research/Projects/openwhisk_archive/openwhisk-harv-vm-cgroup-azure-distributed-jsq/core/controller/src/main/scala/org/apache/openwhisk/core/loadBalancer/HarvestVMContainerPoolBalancer.scala
2021.01.18 19:08:54 WARN  no build target for: /home/zhangyanqi/Research/Projects/openwhisk_archive/openwhisk-harv-vm-cgroup-azure-distributed-jsq/core/controller/src/main/scala/org/apache/openwhisk/core/loadBalancer/HarvestVMContainerPoolBalancer.scala
2021.01.18 19:08:57 WARN  no build target for: /home/zhangyanqi/Research/Projects/openwhisk_archive/openwhisk-harv-vm-cgroup-azure-distributed-jsq/core/controller/src/main/scala/org/apache/openwhisk/core/loadBalancer/HarvestVMContainerPoolBalancer.scala
2021.01.18 19:08:57 WARN  no build target for: /home/zhangyanqi/Research/Projects/openwhisk_archive/openwhisk-harv-vm-cgroup-azure-distributed-jsq/core/controller/src/main/scala/org/apache/openwhisk/core/loadBalancer/HarvestVMContainerPoolBalancer.scala
2021.01.18 19:09:29 WARN  no build target for: /home/zhangyanqi/Research/Projects/openwhisk_archive/openwhisk-harv-vm-cgroup-azure-distributed-jsq/core/controller/src/main/scala/org/apache/openwhisk/core/loadBalancer/HarvestVMContainerPoolBalancer.scala
2021.01.18 19:10:02 WARN  no build target for: /home/zhangyanqi/Research/Projects/openwhisk_archive/openwhisk-harv-vm-cgroup-azure-distributed-jsq/core/controller/src/main/scala/org/apache/openwhisk/core/loadBalancer/HarvestVMContainerPoolBalancer.scala
2021.01.18 19:10:11 WARN  no build target for: /home/zhangyanqi/Research/Projects/openwhisk_archive/openwhisk-harv-vm-cgroup-azure-distributed-jsq/core/controller/src/main/scala/org/apache/openwhisk/core/loadBalancer/HarvestVMContainerPoolBalancer.scala
2021.01.18 19:10:17 WARN  code navigation does not work for the file '/home/zhangyanqi/Research/Projects/openwhisk_archive/openwhisk-harv-vm-cgroup-azure-distributed-jsq/core/controller/src/main/scala/org/apache/openwhisk/core/loadBalancer/HarvestVMContainerPoolBalancer.scala' because it doesn't belong to a build target.
2021.01.18 19:11:12 WARN  no build target for: /home/zhangyanqi/Research/Projects/openwhisk_archive/openwhisk-harv-vm-cgroup-azure-distributed-jsq/core/controller/src/main/scala/org/apache/openwhisk/core/loadBalancer/HarvestVMContainerPoolBalancer.scala
2021.01.18 19:11:35 WARN  no build target for: /home/zhangyanqi/Research/Projects/openwhisk_archive/openwhisk-harv-vm-cgroup-azure-distributed-jsq/core/controller/src/main/scala/org/apache/openwhisk/core/loadBalancer/HarvestVMContainerPoolBalancer.scala
2021.01.18 19:11:47 WARN  no build target for: /home/zhangyanqi/Research/Projects/openwhisk_archive/openwhisk-harv-vm-cgroup-azure-distributed-jsq/core/controller/src/main/scala/org/apache/openwhisk/core/loadBalancer/HarvestVMContainerPoolBalancer.scala
2021.01.18 19:11:51 WARN  no build target for: /home/zhangyanqi/Research/Projects/openwhisk_archive/openwhisk-harv-vm-cgroup-azure-distributed-jsq/core/controller/src/main/scala/org/apache/openwhisk/core/loadBalancer/HarvestVMContainerPoolBalancer.scala
2021.01.18 19:12:05 WARN  no build target for: /home/zhangyanqi/Research/Projects/openwhisk_archive/openwhisk-harv-vm-cgroup-azure-distributed-jsq/core/controller/src/main/scala/org/apache/openwhisk/core/loadBalancer/HarvestVMContainerPoolBalancer.scala
2021.01.18 19:12:09 WARN  no build target for: /home/zhangyanqi/Research/Projects/openwhisk_archive/openwhisk-harv-vm-cgroup-azure-distributed-jsq/core/controller/src/main/scala/org/apache/openwhisk/core/loadBalancer/HarvestVMContainerPoolBalancer.scala
2021.01.18 19:12:50 WARN  no build target for: /home/zhangyanqi/Research/Projects/openwhisk_archive/openwhisk-harv-vm-cgroup-azure-distributed-jsq/core/controller/src/main/scala/org/apache/openwhisk/core/loadBalancer/HarvestVMContainerPoolBalancer.scala
2021.01.18 19:14:52 WARN  no build target for: /home/zhangyanqi/Research/Projects/openwhisk_archive/openwhisk-harv-vm-cgroup-azure-distributed-jsq/core/controller/src/main/scala/org/apache/openwhisk/core/loadBalancer/HarvestVMContainerPoolBalancer.scala
2021.01.18 19:15:49 WARN  no build target for: /home/zhangyanqi/Research/Projects/openwhisk_archive/openwhisk-harv-vm-cgroup-azure-distributed-jsq/core/controller/src/main/scala/org/apache/openwhisk/core/loadBalancer/HarvestVMContainerPoolBalancer.scala
2021.01.18 19:15:54 WARN  no build target for: /home/zhangyanqi/Research/Projects/openwhisk_archive/openwhisk-harv-vm-cgroup-azure-distributed-jsq/core/controller/src/main/scala/org/apache/openwhisk/core/loadBalancer/HarvestVMContainerPoolBalancer.scala
2021.01.18 19:36:50 WARN  no build target for: /home/zhangyanqi/Research/Projects/openwhisk_archive/openwhisk-harv-vm-cgroup-azure-distributed-jsq/core/invoker/src/main/scala/org/apache/openwhisk/core/containerpool/ContainerProxy.scala
2021.01.18 19:36:50 WARN  no build target for: /home/zhangyanqi/Research/Projects/openwhisk_archive/openwhisk-harv-vm-cgroup-azure-distributed-jsq/core/invoker/src/main/scala/org/apache/openwhisk/core/containerpool/ContainerPool.scala
2021.01.18 19:37:09 WARN  no build target for: /home/zhangyanqi/Research/Projects/openwhisk_archive/openwhisk-harv-vm-cgroup-azure-distributed-jsq/core/invoker/src/main/scala/org/apache/openwhisk/core/containerpool/ContainerPool.scala
2021.01.18 19:39:48 WARN  no build target for: /home/zhangyanqi/Research/Projects/openwhisk_archive/openwhisk-harv-vm-cgroup-azure-distributed-jsq/core/controller/src/main/scala/org/apache/openwhisk/core/loadBalancer/HarvestVMContainerPoolBalancer.scala
2021.01.18 19:39:53 WARN  code navigation does not work for the file '/home/zhangyanqi/Research/Projects/openwhisk_archive/openwhisk-harv-vm-cgroup-azure-distributed-jsq/core/controller/src/main/scala/org/apache/openwhisk/core/loadBalancer/HarvestVMContainerPoolBalancer.scala' because it doesn't belong to a build target.
2021.01.18 19:40:16 WARN  code navigation does not work for the file '/home/zhangyanqi/Research/Projects/openwhisk_archive/openwhisk-harv-vm-cgroup-azure-distributed-jsq/core/controller/src/main/scala/org/apache/openwhisk/core/loadBalancer/HarvestVMContainerPoolBalancer.scala' because it doesn't belong to a build target.
2021.01.18 19:40:16 WARN  no build target for: /home/zhangyanqi/Research/Projects/openwhisk_archive/openwhisk-harv-vm-cgroup-azure-distributed-jsq/core/controller/src/main/scala/org/apache/openwhisk/core/loadBalancer/HarvestVMContainerPoolBalancer.scala
2021.01.18 20:04:16 INFO  shutting down Metals
[0m2021.01.20 18:23:19 INFO  Started: Metals version 0.9.10 in workspace '/home/zhangyanqi/Research/Projects/openwhisk_archive/openwhisk-harv-vm-cgroup-azure-distributed-jsq' for client vscode 1.52.1.[0m
[0m2021.01.20 18:23:21 INFO  time: initialize in 2.02s[0m
[0m2021.01.20 18:23:21 WARN  resetting database: /home/zhangyanqi/Research/Projects/openwhisk_archive/openwhisk-harv-vm-cgroup-azure-distributed-jsq/.metals/metals.h2.db[0m
[0m2021.01.20 18:23:21 WARN  Build server is not auto-connectable.[0m
[0m2021.01.20 18:24:03 INFO  no build target: using presentation compiler with only scala-library[0m
[0m2021.01.20 18:24:08 WARN  no build target for: /home/zhangyanqi/Research/Projects/openwhisk_archive/openwhisk-harv-vm-cgroup-azure-distributed-jsq/core/controller/src/main/scala/org/apache/openwhisk/core/loadBalancer/HarvestVMContainerPoolBalancer.scala[0m
Jan 20, 2021 6:24:08 PM org.eclipse.lsp4j.jsonrpc.RemoteEndpoint handleCancellation
WARNING: Unmatched cancel notification for request id 1
[0m2021.01.21 00:18:26 INFO  shutting down Metals[0m
[0m2021.04.14 10:27:39 INFO  Started: Metals version 0.10.1 in workspace '/home/zhangyanqi/Research/Projects/openwhisk_archive/openwhisk-harv-vm-cgroup-azure-distributed-jsq' for client vscode 1.55.1.[0m
[0m2021.04.14 10:27:41 INFO  time: initialize in 2.59s[0m
[0m2021.04.14 10:27:41 WARN  Build server is not auto-connectable.[0m
[0m2021.04.14 10:27:41 WARN  no build target for: /home/zhangyanqi/Research/Projects/openwhisk_archive/openwhisk-harv-vm-cgroup-azure-distributed-jsq/core/controller/src/main/scala/org/apache/openwhisk/core/loadBalancer/HarvestVMContainerPoolBalancer.scala[0m
[0m2021.04.14 10:27:44 INFO  skipping build import with status 'Requested'[0m
[0m2021.04.14 10:27:47 INFO  no build target: using presentation compiler with only scala-library: 2.12.13[0m
[0m2021.04.14 10:27:51 INFO  time: code lens generation in 7.98s[0m
[0m2021.04.14 11:53:25 WARN  no build target for: /home/zhangyanqi/Research/Projects/openwhisk_archive/openwhisk-harv-vm-cgroup-azure-distributed-jsq/core/controller/src/main/scala/org/apache/openwhisk/core/loadBalancer/InvokerSupervision.scala[0m
[0m2021.04.14 11:53:26 INFO  time: code lens generation in 1.2s[0m
Apr 14, 2021 11:54:09 AM org.eclipse.lsp4j.jsonrpc.RemoteEndpoint handleCancellation
WARNING: Unmatched cancel notification for request id 27
[0m2021.04.14 11:54:20 WARN  no build target for: /home/zhangyanqi/Research/Projects/openwhisk_archive/openwhisk-harv-vm-cgroup-azure-distributed-jsq/core/invoker/src/main/scala/org/apache/openwhisk/core/invoker/InvokerReactive.scala[0m
[0m2021.04.14 11:54:33 WARN  no build target for: /home/zhangyanqi/Research/Projects/openwhisk_archive/openwhisk-harv-vm-cgroup-azure-distributed-jsq/core/invoker/src/main/scala/org/apache/openwhisk/core/containerpool/ContainerPool.scala[0m
[0m2021.04.14 13:59:27 INFO  shutting down Metals[0m
[0m2021.04.15 11:09:36 INFO  Started: Metals version 0.10.1 in workspace '/home/zhangyanqi/Research/Projects/openwhisk_archive/openwhisk-harv-vm-cgroup-azure-distributed-jsq' for client vscode 1.55.1.[0m
[0m2021.04.15 11:09:41 INFO  time: initialize in 4.71s[0m
[0m2021.04.15 11:09:41 WARN  Build server is not auto-connectable.[0m
[0m2021.04.15 11:09:41 WARN  no build target for: /home/zhangyanqi/Research/Projects/openwhisk_archive/openwhisk-harv-vm-cgroup-azure-distributed-jsq/core/invoker/src/main/scala/org/apache/openwhisk/core/invoker/InvokerReactive.scala[0m
[0m2021.04.15 11:09:41 WARN  no build target for: /home/zhangyanqi/Research/Projects/openwhisk_archive/openwhisk-harv-vm-cgroup-azure-distributed-jsq/core/invoker/src/main/scala/org/apache/openwhisk/core/containerpool/ContainerPool.scala[0m
[0m2021.04.15 11:09:43 INFO  skipping build import with status 'Requested'[0m
[0m2021.04.15 11:09:48 INFO  no build target: using presentation compiler with only scala-library: 2.12.13[0m
[0m2021.04.15 11:09:54 INFO  time: code lens generation in 4.23s[0m
[0m2021.04.15 11:09:55 INFO  time: code lens generation in 7.8s[0m
[0m2021.04.15 11:09:55 INFO  time: code lens generation in 8.2s[0m
[0m2021.04.15 11:09:55 INFO  time: code lens generation in 10s[0m
[0m2021.04.15 11:09:57 INFO  shutting down Metals[0m
[0m2021.04.15 16:51:44 INFO  Started: Metals version 0.10.1 in workspace '/home/zhangyanqi/Research/Projects/openwhisk_archive/openwhisk-harv-vm-cgroup-azure-distributed-jsq' for client vscode 1.55.1.[0m
[0m2021.04.15 16:51:47 INFO  time: initialize in 2.74s[0m
[0m2021.04.15 16:51:47 WARN  Build server is not auto-connectable.[0m
[0m2021.04.15 16:51:47 WARN  no build target for: /home/zhangyanqi/Research/Projects/openwhisk_archive/openwhisk-harv-vm-cgroup-azure-distributed-jsq/core/invoker/src/main/scala/org/apache/openwhisk/core/invoker/InvokerReactive.scala[0m
[0m2021.04.15 16:51:49 INFO  skipping build import with status 'Requested'[0m
[0m2021.04.15 16:51:52 INFO  no build target: using presentation compiler with only scala-library: 2.12.13[0m
[0m2021.04.15 16:51:55 INFO  time: code lens generation in 7.01s[0m
[0m2021.04.15 17:25:10 INFO  shutting down Metals[0m
[0m2021.04.18 10:08:35 INFO  Started: Metals version 0.10.1 in workspace '/home/zhangyanqi/Research/Projects/openwhisk_archive/openwhisk-harv-vm-cgroup-azure-distributed-jsq' for client vscode 1.55.2.[0m
[0m2021.04.18 10:08:37 INFO  time: initialize in 1.76s[0m
[0m2021.04.18 10:08:37 WARN  Build server is not auto-connectable.[0m
[0m2021.04.18 10:08:37 WARN  no build target for: /home/zhangyanqi/Research/Projects/openwhisk_archive/openwhisk-harv-vm-cgroup-azure-distributed-jsq/core/invoker/src/main/scala/org/apache/openwhisk/core/invoker/InvokerReactive.scala[0m
[0m2021.04.18 10:08:41 INFO  no build target: using presentation compiler with only scala-library: 2.12.13[0m
[0m2021.04.18 10:08:44 INFO  time: code lens generation in 6.13s[0m
[0m2021.04.18 10:13:22 INFO  shutting down Metals[0m
[0m2021.04.20 19:08:08 INFO  Started: Metals version 0.10.1 in workspace '/home/zhangyanqi/Research/Projects/openwhisk_archive/openwhisk-harv-vm-cgroup-azure-distributed-jsq' for client vscode 1.55.2.[0m
[0m2021.04.20 19:08:10 INFO  time: initialize in 2.21s[0m
[0m2021.04.20 19:08:10 WARN  Build server is not auto-connectable.[0m
[0m2021.04.20 19:08:10 WARN  no build target for: /home/zhangyanqi/Research/Projects/openwhisk_archive/openwhisk-harv-vm-cgroup-azure-distributed-jsq/core/invoker/src/main/scala/org/apache/openwhisk/core/invoker/InvokerReactive.scala[0m
[0m2021.04.20 19:08:11 INFO  skipping build import with status 'Requested'[0m
[0m2021.04.20 19:08:15 INFO  no build target: using presentation compiler with only scala-library: 2.12.13[0m
[0m2021.04.20 19:08:19 INFO  time: code lens generation in 8.19s[0m
[0m2021.04.20 20:45:59 INFO  shutting down Metals[0m
[0m2021.04.21 09:21:30 INFO  Started: Metals version 0.10.1 in workspace '/home/zhangyanqi/Research/Projects/openwhisk_archive/openwhisk-harv-vm-cgroup-azure-distributed-jsq' for client vscode 1.55.2.[0m
[0m2021.04.21 09:21:34 INFO  time: initialize in 4.33s[0m
[0m2021.04.21 09:21:34 WARN  Build server is not auto-connectable.[0m
[0m2021.04.21 09:21:34 WARN  no build target for: /home/zhangyanqi/Research/Projects/openwhisk_archive/openwhisk-harv-vm-cgroup-azure-distributed-jsq/core/invoker/src/main/scala/org/apache/openwhisk/core/containerpool/ContainerPool.scala[0m
[0m2021.04.21 09:21:35 INFO  skipping build import with status 'Requested'[0m
[0m2021.04.21 09:21:39 INFO  no build target: using presentation compiler with only scala-library: 2.12.13[0m
[0m2021.04.21 09:21:44 INFO  time: code lens generation in 8.54s[0m
[0m2021.04.21 09:51:53 INFO  shutting down Metals[0m
2023.08.23 15:18:20 WARN  Build server is not auto-connectable.
2023.08.23 15:18:20 INFO  Connected to Scala CLI server v1.0.2
2023.08.23 15:18:20 INFO  Shut down connection with build server.
2023.08.23 15:18:20 INFO  Failed to run request with params SourcesResult
2023.08.23 15:18:20 ERROR Error starting Scala CLI
scala.meta.internal.metals.MetalsBspException: BSP connection failed in the attempt to get: SourcesResult
	at scala.meta.internal.metals.BuildServerConnection$$anonfun$1.$anonfun$applyOrElse$9(BuildServerConnection.scala:391)
	at scala.Option.getOrElse(Option.scala:201)
	at scala.meta.internal.metals.BuildServerConnection$$anonfun$1.applyOrElse(BuildServerConnection.scala:391)
	at scala.meta.internal.metals.BuildServerConnection$$anonfun$1.applyOrElse(BuildServerConnection.scala:366)
	at scala.concurrent.impl.Promise$Transformation.run(Promise.scala:490)
	at java.util.concurrent.ThreadPoolExecutor.runWorker(ThreadPoolExecutor.java:1149)
	at java.util.concurrent.ThreadPoolExecutor$Worker.run(ThreadPoolExecutor.java:624)
	at java.lang.Thread.run(Thread.java:750)
Caused by: java.util.concurrent.CancellationException
	at java.util.concurrent.CompletableFuture.cancel(CompletableFuture.java:2276)
	at org.eclipse.lsp4j.jsonrpc.RemoteEndpoint$1.cancel(RemoteEndpoint.java:151)
	at scala.meta.internal.metals.BuildServerConnection.$anonfun$register$2(BuildServerConnection.scala:348)
	at scala.runtime.java8.JFunction0$mcZ$sp.apply(JFunction0$mcZ$sp.scala:17)
	at scala.util.Try$.apply(Try.scala:210)
	at scala.meta.internal.metals.BuildServerConnection.$anonfun$register$1(BuildServerConnection.scala:348)
	at scala.meta.internal.metals.Cancelable$$anon$1.cancel(Cancelable.scala:18)
	at scala.meta.internal.metals.Cancelable$.$anonfun$cancelAll$1(Cancelable.scala:29)
	at scala.collection.immutable.List.foreach(List.scala:333)
	at scala.meta.internal.metals.Cancelable$.cancelAll(Cancelable.scala:28)
	at scala.meta.internal.metals.MutableCancelable.cancel(MutableCancelable.scala:25)
	at scala.meta.internal.metals.BuildServerConnection.cancel(BuildServerConnection.scala:284)
	at scala.meta.internal.metals.BuildServerConnection.$anonfun$shutdown$1(BuildServerConnection.scala:121)
	at scala.meta.internal.metals.BuildServerConnection.$anonfun$shutdown$1$adapted(BuildServerConnection.scala:114)
	at scala.concurrent.impl.Promise$Transformation.run(Promise.scala:467)
	at java.util.concurrent.ThreadPoolExecutor.runWorker(ThreadPoolExecutor.java:1149)
	at java.util.concurrent.ThreadPoolExecutor$Worker.run(ThreadPoolExecutor.java:624)
	at java.lang.Thread.run(Thread.java:750)

2023.08.23 15:18:20 WARN  Build server is not auto-connectable.
2023.08.23 15:18:20 WARN  no build tool detected in workspace '/home/caslab/workspace/openwhisk-comp'. The most common cause for this problem is that the editor was opened in the wrong working directory, for example if you use sbt then the workspace directory should contain build.sbt. 
2023.08.23 15:18:29 INFO  running '/home/caslab/workspace/openwhisk-rdma/openwhisk/gradlew --console=plain --init-script /tmp/metals2143096505764012775/init-script.gradle bloopInstall'
2023.08.23 15:18:32 INFO  > Task :configureBloopInstall
2023.08.23 15:18:32 INFO  > Task :bloopInstall
2023.08.23 15:18:32 INFO  > Task :common:configureBloopInstall
2023.08.23 15:18:32 INFO  > Task :common:bloopInstall
2023.08.23 15:18:32 INFO  > Task :core:configureBloopInstall
2023.08.23 15:18:32 INFO  > Task :core:bloopInstall
2023.08.23 15:18:32 INFO  > Task :tests:configureBloopInstall
2023.08.23 15:18:32 INFO  > Task :tests:bloopInstall
2023.08.23 15:18:32 INFO  > Task :tools:configureBloopInstall
2023.08.23 15:18:32 INFO  > Task :tools:bloopInstall
2023.08.23 15:18:32 INFO  > Task :common:scala:configureBloopInstall
2023.08.23 15:18:32 INFO  > Task :common:scala:bloopInstall
2023.08.23 15:18:32 INFO  > Task :core:controller:configureBloopInstall
2023.08.23 15:18:32 INFO  > Task :core:controller:bloopInstall
2023.08.23 15:18:32 INFO  > Task :core:cosmosdb:configureBloopInstall
2023.08.23 15:18:32 INFO  > Task :core:cosmosdb:bloopInstall
2023.08.23 15:18:32 INFO  > Task :core:invoker:configureBloopInstall
2023.08.23 15:18:33 INFO  > Task :core:invoker:bloopInstall
2023.08.23 15:18:33 INFO  > Task :core:standalone:configureBloopInstall
2023.08.23 15:18:33 INFO  > Task :core:standalone:bloopInstall
2023.08.23 15:18:33 INFO  > Task :tests:performance:configureBloopInstall
2023.08.23 15:18:33 INFO  > Task :tests:performance:bloopInstall
2023.08.23 15:18:33 INFO  > Task :tools:actionProxy:configureBloopInstall
2023.08.23 15:18:33 INFO  > Task :tools:actionProxy:bloopInstall
2023.08.23 15:18:33 INFO  > Task :tools:admin:configureBloopInstall
2023.08.23 15:18:33 INFO  > Task :tools:admin:bloopInstall
2023.08.23 15:18:33 INFO  > Task :tools:dev:configureBloopInstall
2023.08.23 15:18:33 INFO  > Task :tools:dev:bloopInstall
2023.08.23 15:18:33 INFO  > Task :tools:ow-utils:configureBloopInstall
2023.08.23 15:18:33 INFO  > Task :tools:ow-utils:bloopInstall
2023.08.23 15:18:33 INFO  > Task :core:cosmosdb:cache-invalidator:configureBloopInstall
2023.08.23 15:18:33 INFO  > Task :core:cosmosdb:cache-invalidator:bloopInstall
2023.08.23 15:18:33 INFO  > Task :tests:performance:gatling_tests:configureBloopInstall
2023.08.23 15:18:33 INFO  > Task :tests:performance:gatling_tests:bloopInstall
2023.08.23 15:18:33 INFO  
2023.08.23 15:18:33 INFO  BUILD SUCCESSFUL in 3s
2023.08.23 15:18:33 INFO  34 actionable tasks: 34 executed
2023.08.23 15:18:33 INFO  time: ran 'gradle bloopInstall' in 3.64s
2023.08.23 15:18:33 INFO  Attempting to connect to the build server...
2023.08.23 15:18:33 INFO  Bloop uses /usr/lib/jvm/java-8-openjdk-amd64 defined at /home/caslab/.bloop/bloop.json
2023.08.23 15:18:33 INFO  tracing is disabled for protocol BSP, to enable tracing of incoming and outgoing JSON messages create an empty file at /home/caslab/workspace/openwhisk-comp/openwhisk-harv-vm-cgroup-azure-distributed-jsq/.metals/bsp.trace.json or /home/caslab/.cache/metals/bsp.trace.json
2023.08.23 15:18:33 ERROR No `release` file found in /usr/lib/jvm/java-8-openjdk-amd64 - using Bloop's JVM version 1.8.0_362
2023.08.23 15:18:33 ERROR No `release` file found in /usr/lib/jvm/java-8-openjdk-amd64 - using Bloop's JVM version 1.8.0_362
2023.08.23 15:18:33 ERROR No `release` file found in /usr/lib/jvm/java-8-openjdk-amd64 - using Bloop's JVM version 1.8.0_362
2023.08.23 15:18:33 ERROR No `release` file found in /usr/lib/jvm/java-8-openjdk-amd64 - using Bloop's JVM version 1.8.0_362
2023.08.23 15:18:33 ERROR No `release` file found in /usr/lib/jvm/java-8-openjdk-amd64 - using Bloop's JVM version 1.8.0_362
2023.08.23 15:18:33 ERROR No `release` file found in /usr/lib/jvm/java-8-openjdk-amd64 - using Bloop's JVM version 1.8.0_362
2023.08.23 15:18:33 ERROR No `release` file found in /usr/lib/jvm/java-8-openjdk-amd64 - using Bloop's JVM version 1.8.0_362
2023.08.23 15:18:33 ERROR No `release` file found in /usr/lib/jvm/java-8-openjdk-amd64 - using Bloop's JVM version 1.8.0_362
2023.08.23 15:18:33 ERROR No `release` file found in /usr/lib/jvm/java-8-openjdk-amd64 - using Bloop's JVM version 1.8.0_362
2023.08.23 15:18:33 ERROR No `release` file found in /usr/lib/jvm/java-8-openjdk-amd64 - using Bloop's JVM version 1.8.0_362
2023.08.23 15:18:33 ERROR No `release` file found in /usr/lib/jvm/java-8-openjdk-amd64 - using Bloop's JVM version 1.8.0_362
2023.08.23 15:18:34 ERROR No `release` file found in /usr/lib/jvm/java-8-openjdk-amd64 - using Bloop's JVM version 1.8.0_362
2023.08.23 15:18:34 INFO  time: Connected to build server in 1.3s
2023.08.23 15:18:34 INFO  Connected to Build server: Bloop v1.5.8
2023.08.23 15:18:35 INFO  time: Imported build in 0.19s
2023.08.23 15:18:35 WARN  2.12.9 is no longer supported in the current Metals versions, using the last known supported version 0.11.10
2023.08.23 15:18:39 ERROR Failed to fetch mtags for 2.12.3
Error downloading org.scalameta:mtags_2.12.3:1.0.0
  not found: /home/caslab/.ivy2/local/org.scalameta/mtags_2.12.3/1.0.0/ivys/ivy.xml
  not found: https://repo1.maven.org/maven2/org/scalameta/mtags_2.12.3/1.0.0/mtags_2.12.3-1.0.0.pom
  not found: /home/caslab/.ivy2/local/org.scalameta/mtags_2.12.3/1.0.0/ivys/ivy.xml
  not found: https://oss.sonatype.org/content/repositories/public/org/scalameta/mtags_2.12.3/1.0.0/mtags_2.12.3-1.0.0.pom
  not found: https://oss.sonatype.org/content/repositories/snapshots/org/scalameta/mtags_2.12.3/1.0.0/mtags_2.12.3-1.0.0.pom
2023.08.23 15:18:40 ERROR Failed to fetch mtags for 2.12.3
Error downloading org.scalameta:mtags_2.12.3:1.0.0
  not found: /home/caslab/.ivy2/local/org.scalameta/mtags_2.12.3/1.0.0/ivys/ivy.xml
  not found: https://repo1.maven.org/maven2/org/scalameta/mtags_2.12.3/1.0.0/mtags_2.12.3-1.0.0.pom
  not found: /home/caslab/.ivy2/local/org.scalameta/mtags_2.12.3/1.0.0/ivys/ivy.xml
  not found: https://oss.sonatype.org/content/repositories/public/org/scalameta/mtags_2.12.3/1.0.0/mtags_2.12.3-1.0.0.pom
  not found: https://oss.sonatype.org/content/repositories/snapshots/org/scalameta/mtags_2.12.3/1.0.0/mtags_2.12.3-1.0.0.pom
2023.08.23 15:18:44 WARN  Could not find java sources in /usr/lib/jvm/src.zip, /usr/lib/jvm/lib/src.zip, /usr/lib/jvm/java-8-openjdk-amd64/src.zip, /usr/lib/jvm/java-8-openjdk-amd64/lib/src.zip, /usr/lib/jvm/src.zip, /usr/lib/jvm/lib/src.zip, /usr/lib/jvm/java-8-openjdk-amd64/src.zip, /usr/lib/jvm/java-8-openjdk-amd64/lib/src.zip, /usr/lib/jvm/java-8-openjdk-amd64/src.zip, /usr/lib/jvm/java-8-openjdk-amd64/lib/src.zip, /usr/lib/jvm/java-8-openjdk-amd64/jre/src.zip, /usr/lib/jvm/java-8-openjdk-amd64/jre/lib/src.zip. Java symbols will not be available.
2023.08.23 15:18:46 WARN  Could not find java sources in /usr/lib/jvm/src.zip, /usr/lib/jvm/lib/src.zip, /usr/lib/jvm/java-8-openjdk-amd64/src.zip, /usr/lib/jvm/java-8-openjdk-amd64/lib/src.zip, /usr/lib/jvm/src.zip, /usr/lib/jvm/lib/src.zip, /usr/lib/jvm/java-8-openjdk-amd64/src.zip, /usr/lib/jvm/java-8-openjdk-amd64/lib/src.zip, /usr/lib/jvm/java-8-openjdk-amd64/src.zip, /usr/lib/jvm/java-8-openjdk-amd64/lib/src.zip, /usr/lib/jvm/java-8-openjdk-amd64/jre/src.zip, /usr/lib/jvm/java-8-openjdk-amd64/jre/lib/src.zip. Java symbols will not be available.
2023.08.23 15:18:46 WARN  Could not find java sources in /usr/lib/jvm/src.zip, /usr/lib/jvm/lib/src.zip, /usr/lib/jvm/java-8-openjdk-amd64/src.zip, /usr/lib/jvm/java-8-openjdk-amd64/lib/src.zip, /usr/lib/jvm/src.zip, /usr/lib/jvm/lib/src.zip, /usr/lib/jvm/java-8-openjdk-amd64/src.zip, /usr/lib/jvm/java-8-openjdk-amd64/lib/src.zip, /usr/lib/jvm/java-8-openjdk-amd64/src.zip, /usr/lib/jvm/java-8-openjdk-amd64/lib/src.zip, /usr/lib/jvm/java-8-openjdk-amd64/jre/src.zip, /usr/lib/jvm/java-8-openjdk-amd64/jre/lib/src.zip. Java symbols will not be available.
2023.08.23 15:18:46 INFO  time: indexed workspace in 11s
2023.08.23 15:23:37 INFO  logging to files /home/caslab/workspace/openwhisk-comp/openwhisk-harv-vm-cgroup-azure-distributed/.metals/metals.log,/home/caslab/workspace/openwhisk-comp/openwhisk-harv-vm-cgroup-azure-distributed-jsq/.metals/metals.log,/home/caslab/workspace/pickmeBench/.metals/metals.log
2023.08.23 15:23:37 WARN  scala-cli >= 0.1.3 not found in PATH, fetching and starting a JVM-based Scala CLI
2023.08.23 15:23:38 INFO  Running List(/home/caslab/.cache/coursier/arc/https/github.com/adoptium/temurin17-binaries/releases/download/jdk-17%252B35/OpenJDK17-jdk_x64_linux_hotspot_17_35.tar.gz/jdk-17+35/bin/java, -cp, /home/caslab/.cache/coursier/v1/https/repo1.maven.org/maven2/org/virtuslab/scala-cli/cli_3/1.0.2/cli_3-1.0.2.jar:/home/caslab/.cache/coursier/v1/https/repo1.maven.org/maven2/com/github/alexarchambault/case-app_3/2.1.0-M24/case-app_3-2.1.0-M24.jar:/home/caslab/.cache/coursier/v1/https/repo1.maven.org/maven2/io/get-coursier/coursier-launcher_2.13/2.1.5/coursier-launcher_2.13-2.1.5.jar:/home/caslab/.cache/coursier/v1/https/repo1.maven.org/maven2/io/get-coursier/coursier-proxy-setup/2.1.5/coursier-proxy-setup-2.1.5.jar:/home/caslab/.cache/coursier/v1/https/repo1.maven.org/maven2/io/get-coursier/publish/publish_2.13/0.1.4/publish_2.13-0.1.4.jar:/home/caslab/.cache/coursier/v1/https/repo1.maven.org/maven2/com/google/jimfs/jimfs/1.3.0/jimfs-1.3.0.jar:/home/caslab/.cache/coursier/v1/https/repo1.maven.org/maven2/io/get-coursier/jniutils/windows-jni-utils/0.3.3/windows-jni-utils-0.3.3.jar:/home/caslab/.cache/coursier/v1/https/repo1.maven.org/maven2/com/github/plokhotnyuk/jsoniter-scala/jsoniter-scala-core_3/2.13.5.2/jsoniter-scala-core_3-2.13.5.2.jar:/home/caslab/.cache/coursier/v1/https/repo1.maven.org/maven2/org/virtuslab/scala-cli/libsodiumjni/0.0.3/libsodiumjni-0.0.3.jar:/home/caslab/.cache/coursier/v1/https/repo1.maven.org/maven2/com/geirsson/metaconfig-typesafe-config_3/0.11.1/metaconfig-typesafe-config_3-0.11.1.jar:/home/caslab/.cache/coursier/v1/https/repo1.maven.org/maven2/ai/kien/python-native-libs_3/0.2.4/python-native-libs_3-0.2.4.jar:/home/caslab/.cache/coursier/v1/https/repo1.maven.org/maven2/org/virtuslab/scala-packager_2.13/0.1.29/scala-packager_2.13-0.1.29.jar:/home/caslab/.cache/coursier/v1/https/repo1.maven.org/maven2/org/virtuslab/scala-cli-signing/cli_3/0.2.2/cli_3-0.2.2.jar:/home/caslab/.cache/coursier/v1/https/repo1.maven.org/maven2/org/slf4j/slf4j-nop/2.0.7/slf4j-nop-2.0.7.jar:/home/caslab/.cache/coursier/v1/https/repo1.maven.org/maven2/com/softwaremill/sttp/client3/core_2.13/3.8.16/core_2.13-3.8.16.jar:/home/caslab/.cache/coursier/v1/https/repo1.maven.org/maven2/org/scala-lang/scala3-library_3/3.3.0/scala3-library_3-3.3.0.jar:/home/caslab/.cache/coursier/v1/https/repo1.maven.org/maven2/org/virtuslab/scala-cli/build-module_3/1.0.2/build-module_3-1.0.2.jar:/home/caslab/.cache/coursier/v1/https/repo1.maven.org/maven2/org/virtuslab/scala-cli/config_3/1.0.2/config_3-1.0.2.jar:/home/caslab/.cache/coursier/v1/https/repo1.maven.org/maven2/org/virtuslab/scala-cli/scala3-graal_3/1.0.2/scala3-graal_3-1.0.2.jar:/home/caslab/.cache/coursier/v1/https/repo1.maven.org/maven2/org/virtuslab/scala-cli/specification-level_3/1.0.2/specification-level_3-1.0.2.jar:/home/caslab/.cache/coursier/v1/https/repo1.maven.org/maven2/com/github/alexarchambault/case-app-annotations_3/2.1.0-M24/case-app-annotations_3-2.1.0-M24.jar:/home/caslab/.cache/coursier/v1/https/repo1.maven.org/maven2/com/github/alexarchambault/case-app-util_3/2.1.0-M24/case-app-util_3-2.1.0-M24.jar:/home/caslab/.cache/coursier/v1/https/repo1.maven.org/maven2/com/lihaoyi/sourcecode_3/0.3.0/sourcecode_3-0.3.0.jar:/home/caslab/.cache/coursier/v1/https/repo1.maven.org/maven2/org/scala-lang/modules/scala-collection-compat_2.13/2.11.0/scala-collection-compat_2.13-2.11.0.jar:/home/caslab/.cache/coursier/v1/https/repo1.maven.org/maven2/io/github/alexarchambault/scala-cli/tmp/zip-input-stream/0.1.1/zip-input-stream-0.1.1.jar:/home/caslab/.cache/coursier/v1/https/repo1.maven.org/maven2/ai/kien/python-native-libs_2.13/0.2.4/python-native-libs_2.13-0.2.4.jar:/home/caslab/.cache/coursier/v1/https/repo1.maven.org/maven2/org/scala-lang/scala-library/2.13.11/scala-library-2.13.11.jar:/home/caslab/.cache/coursier/v1/https/repo1.maven.org/maven2/io/get-coursier/coursier-cache_2.13/2.1.5/coursier-cache_2.13-2.1.5.jar:/home/caslab/.cache/coursier/v1/https/repo1.maven.org/maven2/io/get-coursier/coursier-core_2.13/2.1.5/coursier-core_2.13-2.1.5.jar:/home/caslab/.cache/coursier/v1/https/repo1.maven.org/maven2/com/github/plokhotnyuk/jsoniter-scala/jsoniter-scala-core_2.13/2.13.15/jsoniter-scala-core_2.13-2.13.15.jar:/home/caslab/.cache/coursier/v1/https/repo1.maven.org/maven2/com/google/guava/guava/32.1.1-jre/guava-32.1.1-jre.jar:/home/caslab/.cache/coursier/v1/https/repo1.maven.org/maven2/net/java/dev/jna/jna/5.12.1/jna-5.12.1.jar:/home/caslab/.cache/coursier/v1/https/repo1.maven.org/maven2/net/java/dev/jna/jna-platform/5.12.1/jna-platform-5.12.1.jar:/home/caslab/.cache/coursier/v1/https/repo1.maven.org/maven2/com/geirsson/metaconfig-core_3/0.11.1/metaconfig-core_3-0.11.1.jar:/home/caslab/.cache/coursier/v1/https/repo1.maven.org/maven2/com/typesafe/config/1.4.1/config-1.4.1.jar:/home/caslab/.cache/coursier/v1/https/repo1.maven.org/maven2/org/scala-lang/modules/scala-collection-compat_3/2.11.0/scala-collection-compat_3-2.11.0.jar:/home/caslab/.cache/coursier/v1/https/repo1.maven.org/maven2/commons-io/commons-io/2.11.0/commons-io-2.11.0.jar:/home/caslab/.cache/coursier/v1/https/repo1.maven.org/maven2/com/google/cloud/tools/jib-core/0.22.0/jib-core-0.22.0.jar:/home/caslab/.cache/coursier/v1/https/repo1.maven.org/maven2/com/lihaoyi/os-lib_2.13/0.8.1/os-lib_2.13-0.8.1.jar:/home/caslab/.cache/coursier/v1/https/repo1.maven.org/maven2/org/bouncycastle/bcpg-jdk18on/1.73/bcpg-jdk18on-1.73.jar:/home/caslab/.cache/coursier/v1/https/repo1.maven.org/maven2/org/virtuslab/scala-cli-signing/shared_3/0.2.2/shared_3-0.2.2.jar:/home/caslab/.cache/coursier/v1/https/repo1.maven.org/maven2/org/slf4j/slf4j-api/2.0.7/slf4j-api-2.0.7.jar:/home/caslab/.cache/coursier/v1/https/repo1.maven.org/maven2/com/softwaremill/sttp/model/core_2.13/1.5.5/core_2.13-1.5.5.jar:/home/caslab/.cache/coursier/v1/https/repo1.maven.org/maven2/com/softwaremill/sttp/shared/core_2.13/1.3.13/core_2.13-1.3.13.jar:/home/caslab/.cache/coursier/v1/https/repo1.maven.org/maven2/com/softwaremill/sttp/shared/ws_2.13/1.3.13/ws_2.13-1.3.13.jar:/home/caslab/.cache/coursier/v1/https/repo1.maven.org/maven2/org/ow2/asm/asm/9.5/asm-9.5.jar:/home/caslab/.cache/coursier/v1/https/repo1.maven.org/maven2/io/github/alexarchambault/scala-cli/java-class-name_3/0.1.0/java-class-name_3-0.1.0.jar:/home/caslab/.cache/coursier/v1/https/repo1.maven.org/maven2/org/scalameta/trees_2.13/4.8.2/trees_2.13-4.8.2.jar:/home/caslab/.cache/coursier/v1/https/repo1.maven.org/maven2/org/scala-native/test-runner_3/0.4.14/test-runner_3-0.4.14.jar:/home/caslab/.cache/coursier/v1/https/repo1.maven.org/maven2/com/lihaoyi/os-lib_3/0.9.1/os-lib_3-0.9.1.jar:/home/caslab/.cache/coursier/v1/https/repo1.maven.org/maven2/com/lihaoyi/pprint_3/0.8.1/pprint_3-0.8.1.jar:/home/caslab/.cache/coursier/v1/https/repo1.maven.org/maven2/org/scala-js/scalajs-env-nodejs_2.13/1.4.0/scalajs-env-nodejs_2.13-1.4.0.jar:/home/caslab/.cache/coursier/v1/https/repo1.maven.org/maven2/org/scala-js/scalajs-sbt-test-adapter_2.13/1.13.1/scalajs-sbt-test-adapter_2.13-1.13.1.jar:/home/caslab/.cache/coursier/v1/https/repo1.maven.org/maven2/com/swoval/file-tree-views/2.1.10/file-tree-views-2.1.10.jar:/home/caslab/.cache/coursier/v1/https/repo1.maven.org/maven2/org/virtuslab/scala-cli/options_3/1.0.2/options_3-1.0.2.jar:/home/caslab/.cache/coursier/v1/https/repo1.maven.org/maven2/org/virtuslab/scala-cli/directives_3/1.0.2/directives_3-1.0.2.jar:/home/caslab/.cache/coursier/v1/https/repo1.maven.org/maven2/org/virtuslab/scala-cli/scala-cli-bsp/1.0.2/scala-cli-bsp-1.0.2.jar:/home/caslab/.cache/coursier/v1/https/repo1.maven.org/maven2/org/virtuslab/scala-cli/test-runner_2.13/1.0.2/test-runner_2.13-1.0.2.jar:/home/caslab/.cache/coursier/v1/https/repo1.maven.org/maven2/org/virtuslab/scala-cli/tasty-lib_3/1.0.2/tasty-lib_3-1.0.2.jar:/home/caslab/.cache/coursier/v1/https/repo1.maven.org/maven2/org/codehaus/plexus/plexus-archiver/4.7.1/plexus-archiver-4.7.1.jar:/home/caslab/.cache/coursier/v1/https/repo1.maven.org/maven2/org/codehaus/plexus/plexus-container-default/2.1.1/plexus-container-default-2.1.1.jar:/home/caslab/.cache/coursier/v1/https/repo1.maven.org/maven2/io/github/alexarchambault/windows-ansi/windows-ansi/0.0.5/windows-ansi-0.0.5.jar:/home/caslab/.cache/coursier/v1/https/repo1.maven.org/maven2/io/get-coursier/coursier-util_2.13/2.1.5/coursier-util_2.13-2.1.5.jar:/home/caslab/.cache/coursier/v1/https/repo1.maven.org/maven2/io/github/alexarchambault/concurrent-reference-hash-map/1.1.0/concurrent-reference-hash-map-1.1.0.jar:/home/caslab/.cache/coursier/v1/https/repo1.maven.org/maven2/org/scala-lang/modules/scala-xml_2.13/2.1.0/scala-xml_2.13-2.1.0.jar:/home/caslab/.cache/coursier/v1/https/repo1.maven.org/maven2/com/google/guava/failureaccess/1.0.1/failureaccess-1.0.1.jar:/home/caslab/.cache/coursier/v1/https/repo1.maven.org/maven2/com/google/guava/listenablefuture/9999.0-empty-to-avoid-conflict-with-guava/listenablefuture-9999.0-empty-to-avoid-conflict-with-guava.jar:/home/caslab/.cache/coursier/v1/https/repo1.maven.org/maven2/com/google/code/findbugs/jsr305/3.0.2/jsr305-3.0.2.jar:/home/caslab/.cache/coursier/v1/https/repo1.maven.org/maven2/org/checkerframework/checker-qual/3.33.0/checker-qual-3.33.0.jar:/home/caslab/.cache/coursier/v1/https/repo1.maven.org/maven2/com/google/errorprone/error_prone_annotations/2.18.0/error_prone_annotations-2.18.0.jar:/home/caslab/.cache/coursier/v1/https/repo1.maven.org/maven2/com/google/j2objc/j2objc-annotations/2.8/j2objc-annotations-2.8.jar:/home/caslab/.cache/coursier/v1/https/repo1.maven.org/maven2/com/geirsson/metaconfig-pprint_3/0.11.1/metaconfig-pprint_3-0.11.1.jar:/home/caslab/.cache/coursier/v1/https/repo1.maven.org/maven2/org/typelevel/paiges-core_3/0.4.2/paiges-core_3-0.4.2.jar:/home/caslab/.cache/coursier/v1/https/repo1.maven.org/maven2/org/scala-lang/scala-reflect/2.13.8/scala-reflect-2.13.8.jar:/home/caslab/.cache/coursier/v1/https/repo1.maven.org/maven2/com/google/cloud/tools/jib-build-plan/0.4.0/jib-build-plan-0.4.0.jar:/home/caslab/.cache/coursier/v1/https/repo1.maven.org/maven2/com/google/http-client/google-http-client/1.34.0/google-http-client-1.34.0.jar:/home/caslab/.cache/coursier/v1/https/repo1.maven.org/maven2/com/google/http-client/google-http-client-apache-v2/1.34.0/google-http-client-apache-v2-1.34.0.jar:/home/caslab/.cache/coursier/v1/https/repo1.maven.org/maven2/com/google/auth/google-auth-library-oauth2-http/0.18.0/google-auth-library-oauth2-http-0.18.0.jar:/home/caslab/.cache/coursier/v1/https/repo1.maven.org/maven2/org/apache/commons/commons-compress/1.23.0/commons-compress-1.23.0.jar:/home/caslab/.cache/coursier/v1/https/repo1.maven.org/maven2/com/fasterxml/jackson/core/jackson-databind/2.13.3/jackson-databind-2.13.3.jar:/home/caslab/.cache/coursier/v1/https/repo1.maven.org/maven2/com/fasterxml/jackson/datatype/jackson-datatype-jsr310/2.13.3/jackson-datatype-jsr310-2.13.3.jar:/home/caslab/.cache/coursier/v1/https/repo1.maven.org/maven2/com/lihaoyi/geny_2.13/0.7.1/geny_2.13-0.7.1.jar:/home/caslab/.cache/coursier/v1/https/repo1.maven.org/maven2/org/bouncycastle/bcprov-jdk18on/1.73/bcprov-jdk18on-1.73.jar:/home/caslab/.cache/coursier/v1/https/repo1.maven.org/maven2/org/scala-lang/scala3-compiler_3/3.1.2/scala3-compiler_3-3.1.2.jar:/home/caslab/.cache/coursier/v1/https/repo1.maven.org/maven2/org/scalameta/common_2.13/4.8.2/common_2.13-4.8.2.jar:/home/caslab/.cache/coursier/v1/https/repo1.maven.org/maven2/org/scalameta/fastparse-v2_2.13/2.3.1/fastparse-v2_2.13-2.3.1.jar:/home/caslab/.cache/coursier/v1/https/repo1.maven.org/maven2/org/scala-native/tools_3/0.4.14/tools_3-0.4.14.jar:/home/caslab/.cache/coursier/v1/https/repo1.maven.org/maven2/org/scala-sbt/test-interface/1.0/test-interface-1.0.jar:/home/caslab/.cache/coursier/v1/https/repo1.maven.org/maven2/com/novocode/junit-interface/0.11/junit-interface-0.11.jar:/home/caslab/.cache/coursier/v1/https/repo1.maven.org/maven2/junit/junit/4.13.2/junit-4.13.2.jar:/home/caslab/.cache/coursier/v1/https/repo1.maven.org/maven2/com/lihaoyi/geny_3/1.0.0/geny_3-1.0.0.jar:/home/caslab/.cache/coursier/v1/https/repo1.maven.org/maven2/com/lihaoyi/fansi_3/0.4.0/fansi_3-0.4.0.jar:/home/caslab/.cache/coursier/v1/https/repo1.maven.org/maven2/org/scala-js/scalajs-js-envs_2.13/1.4.0/scalajs-js-envs_2.13-1.4.0.jar:/home/caslab/.cache/coursier/v1/https/repo1.maven.org/maven2/ch/epfl/scala/bloop-config_2.13/1.5.5/bloop-config_2.13-1.5.5.jar:/home/caslab/.cache/coursier/v1/https/repo1.maven.org/maven2/org/virtuslab/scala-cli/core_3/1.0.2/core_3-1.0.2.jar:/home/caslab/.cache/coursier/v1/https/repo1.maven.org/maven2/org/virtuslab/using_directives/1.1.0/using_directives-1.1.0.jar:/home/caslab/.cache/coursier/v1/https/repo1.maven.org/maven2/org/virtuslab/scala-cli/build-macros_3/1.0.2/build-macros_3-1.0.2.jar:/home/caslab/.cache/coursier/v1/https/repo1.maven.org/maven2/ch/epfl/scala/bsp4j/2.1.0-M5/bsp4j-2.1.0-M5.jar:/home/caslab/.cache/coursier/v1/https/repo1.maven.org/maven2/javax/inject/javax.inject/1/javax.inject-1.jar:/home/caslab/.cache/coursier/v1/https/repo1.maven.org/maven2/org/codehaus/plexus/plexus-utils/3.5.1/plexus-utils-3.5.1.jar:/home/caslab/.cache/coursier/v1/https/repo1.maven.org/maven2/org/codehaus/plexus/plexus-io/3.4.1/plexus-io-3.4.1.jar:/home/caslab/.cache/coursier/v1/https/repo1.maven.org/maven2/org/iq80/snappy/snappy/0.4/snappy-0.4.jar:/home/caslab/.cache/coursier/v1/https/repo1.maven.org/maven2/org/tukaani/xz/1.9/xz-1.9.jar:/home/caslab/.cache/coursier/v1/https/repo1.maven.org/maven2/com/github/luben/zstd-jni/1.5.5-2/zstd-jni-1.5.5-2.jar:/home/caslab/.cache/coursier/v1/https/repo1.maven.org/maven2/org/codehaus/plexus/plexus-classworlds/2.6.0/plexus-classworlds-2.6.0.jar:/home/caslab/.cache/coursier/v1/https/repo1.maven.org/maven2/org/apache/xbean/xbean-reflect/3.7/xbean-reflect-3.7.jar:/home/caslab/.cache/coursier/v1/https/repo1.maven.org/maven2/org/fusesource/jansi/jansi/1.18/jansi-1.18.jar:/home/caslab/.cache/coursier/v1/https/repo1.maven.org/maven2/org/apache/httpcomponents/httpclient/4.5.10/httpclient-4.5.10.jar:/home/caslab/.cache/coursier/v1/https/repo1.maven.org/maven2/org/apache/httpcomponents/httpcore/4.4.12/httpcore-4.4.12.jar:/home/caslab/.cache/coursier/v1/https/repo1.maven.org/maven2/io/opencensus/opencensus-api/0.24.0/opencensus-api-0.24.0.jar:/home/caslab/.cache/coursier/v1/https/repo1.maven.org/maven2/io/opencensus/opencensus-contrib-http-util/0.24.0/opencensus-contrib-http-util-0.24.0.jar:/home/caslab/.cache/coursier/v1/https/repo1.maven.org/maven2/com/google/auto/value/auto-value-annotations/1.6.6/auto-value-annotations-1.6.6.jar:/home/caslab/.cache/coursier/v1/https/repo1.maven.org/maven2/com/google/auth/google-auth-library-credentials/0.18.0/google-auth-library-credentials-0.18.0.jar:/home/caslab/.cache/coursier/v1/https/repo1.maven.org/maven2/com/google/http-client/google-http-client-jackson2/1.32.1/google-http-client-jackson2-1.32.1.jar:/home/caslab/.cache/coursier/v1/https/repo1.maven.org/maven2/com/fasterxml/jackson/core/jackson-annotations/2.13.3/jackson-annotations-2.13.3.jar:/home/caslab/.cache/coursier/v1/https/repo1.maven.org/maven2/com/fasterxml/jackson/core/jackson-core/2.13.3/jackson-core-2.13.3.jar:/home/caslab/.cache/coursier/v1/https/repo1.maven.org/maven2/org/scala-lang/scala3-interfaces/3.1.2/scala3-interfaces-3.1.2.jar:/home/caslab/.cache/coursier/v1/https/repo1.maven.org/maven2/org/scala-lang/tasty-core_3/3.1.2/tasty-core_3-3.1.2.jar:/home/caslab/.cache/coursier/v1/https/repo1.maven.org/maven2/org/scala-lang/modules/scala-asm/9.1.0-scala-1/scala-asm-9.1.0-scala-1.jar:/home/caslab/.cache/coursier/v1/https/repo1.maven.org/maven2/org/scala-sbt/compiler-interface/1.3.5/compiler-interface-1.3.5.jar:/home/caslab/.cache/coursier/v1/https/repo1.maven.org/maven2/org/jline/jline-reader/3.19.0/jline-reader-3.19.0.jar:/home/caslab/.cache/coursier/v1/https/repo1.maven.org/maven2/org/jline/jline-terminal/3.19.0/jline-terminal-3.19.0.jar:/home/caslab/.cache/coursier/v1/https/repo1.maven.org/maven2/org/jline/jline-terminal-jna/3.19.0/jline-terminal-jna-3.19.0.jar:/home/caslab/.cache/coursier/v1/https/repo1.maven.org/maven2/com/lihaoyi/sourcecode_2.13/0.3.0/sourcecode_2.13-0.3.0.jar:/home/caslab/.cache/coursier/v1/https/repo1.maven.org/maven2/com/thesamet/scalapb/scalapb-runtime_2.13/0.11.13/scalapb-runtime_2.13-0.11.13.jar:/home/caslab/.cache/coursier/v1/https/repo1.maven.org/maven2/org/scala-native/nir_3/0.4.14/nir_3-0.4.14.jar:/home/caslab/.cache/coursier/v1/https/repo1.maven.org/maven2/org/scala-native/util_3/0.4.14/util_3-0.4.14.jar:/home/caslab/.cache/coursier/v1/https/repo1.maven.org/maven2/org/scala-lang/modules/scala-parallel-collections_3/1.0.3/scala-parallel-collections_3-1.0.3.jar:/home/caslab/.cache/coursier/v1/https/repo1.maven.org/maven2/org/hamcrest/hamcrest-core/1.3/hamcrest-core-1.3.jar:/home/caslab/.cache/coursier/v1/https/repo1.maven.org/maven2/org/scala-js/scalajs-logging_2.13/1.1.1/scalajs-logging_2.13-1.1.1.jar:/home/caslab/.cache/coursier/v1/https/repo1.maven.org/maven2/io/github/alexarchambault/bleep/bloop-rifle_2.13/1.5.6-sc-8/bloop-rifle_2.13-1.5.6-sc-8.jar:/home/caslab/.cache/coursier/v1/https/repo1.maven.org/maven2/io/get-coursier/coursier-jvm_2.13/2.1.5/coursier-jvm_2.13-2.1.5.jar:/home/caslab/.cache/coursier/v1/https/repo1.maven.org/maven2/io/get-coursier/dependency_3/0.2.3/dependency_3-0.2.3.jar:/home/caslab/.cache/coursier/v1/https/repo1.maven.org/maven2/org/eclipse/jgit/org.eclipse.jgit/6.6.0.202305301015-r/org.eclipse.jgit-6.6.0.202305301015-r.jar:/home/caslab/.cache/coursier/v1/https/repo1.maven.org/maven2/org/scala-js/scalajs-env-jsdom-nodejs_2.13/1.1.0/scalajs-env-jsdom-nodejs_2.13-1.1.0.jar:/home/caslab/.cache/coursier/v1/https/repo1.maven.org/maven2/org/eclipse/lsp4j/org.eclipse.lsp4j.generator/0.20.1/org.eclipse.lsp4j.generator-0.20.1.jar:/home/caslab/.cache/coursier/v1/https/repo1.maven.org/maven2/org/eclipse/lsp4j/org.eclipse.lsp4j.jsonrpc/0.20.1/org.eclipse.lsp4j.jsonrpc-0.20.1.jar:/home/caslab/.cache/coursier/v1/https/repo1.maven.org/maven2/commons-logging/commons-logging/1.2/commons-logging-1.2.jar:/home/caslab/.cache/coursier/v1/https/repo1.maven.org/maven2/commons-codec/commons-codec/1.11/commons-codec-1.11.jar:/home/caslab/.cache/coursier/v1/https/repo1.maven.org/maven2/io/grpc/grpc-context/1.22.1/grpc-context-1.22.1.jar:/home/caslab/.cache/coursier/v1/https/repo1.maven.org/maven2/com/google/protobuf/protobuf-java/3.19.6/protobuf-java-3.19.6.jar:/home/caslab/.cache/coursier/v1/https/repo1.maven.org/maven2/org/scala-sbt/util-interface/1.3.0/util-interface-1.3.0.jar:/home/caslab/.cache/coursier/v1/https/repo1.maven.org/maven2/com/thesamet/scalapb/lenses_2.13/0.11.13/lenses_2.13-0.11.13.jar:/home/caslab/.cache/coursier/v1/https/repo1.maven.org/maven2/io/github/alexarchambault/libdaemon/libdaemon_2.13/0.0.11/libdaemon_2.13-0.0.11.jar:/home/caslab/.cache/coursier/v1/https/repo1.maven.org/maven2/io/github/alexarchambault/scala-cli/snailgun/snailgun-core_2.13/0.4.1-sc2/snailgun-core_2.13-0.4.1-sc2.jar:/home/caslab/.cache/coursier/v1/https/repo1.maven.org/maven2/com/github/alexarchambault/argonaut-shapeless_6.3_2.13/1.3.1/argonaut-shapeless_6.3_2.13-1.3.1.jar:/home/caslab/.cache/coursier/v1/https/repo1.maven.org/maven2/io/get-coursier/coursier_2.13/2.1.5/coursier_2.13-2.1.5.jar:/home/caslab/.cache/coursier/v1/https/repo1.maven.org/maven2/io/get-coursier/coursier-env_2.13/2.1.5/coursier-env_2.13-2.1.5.jar:/home/caslab/.cache/coursier/v1/https/repo1.maven.org/maven2/com/googlecode/javaewah/JavaEWAH/1.2.3/JavaEWAH-1.2.3.jar:/home/caslab/.cache/coursier/v1/https/repo1.maven.org/maven2/org/eclipse/xtend/org.eclipse.xtend.lib/2.28.0/org.eclipse.xtend.lib-2.28.0.jar:/home/caslab/.cache/coursier/v1/https/repo1.maven.org/maven2/com/google/code/gson/gson/2.10.1/gson-2.10.1.jar:/home/caslab/.cache/coursier/v1/https/repo1.maven.org/maven2/io/argonaut/argonaut_2.13/6.3.8/argonaut_2.13-6.3.8.jar:/home/caslab/.cache/coursier/v1/https/repo1.maven.org/maven2/com/chuusai/shapeless_2.13/2.3.9/shapeless_2.13-2.3.9.jar:/home/caslab/.cache/coursier/v1/https/repo1.maven.org/maven2/org/eclipse/xtext/org.eclipse.xtext.xbase.lib/2.28.0/org.eclipse.xtext.xbase.lib-2.28.0.jar:/home/caslab/.cache/coursier/v1/https/repo1.maven.org/maven2/org/eclipse/xtend/org.eclipse.xtend.lib.macro/2.28.0/org.eclipse.xtend.lib.macro-2.28.0.jar, scala.cli.ScalaCli, bsp, /home/caslab/workspace/pickmeBench)
2023.08.23 15:23:38 INFO  tracing is disabled for protocol BSP, to enable tracing of incoming and outgoing JSON messages create an empty file at /home/caslab/workspace/pickmeBench/.metals/bsp.trace.json or /home/caslab/.cache/metals/bsp.trace.json
2023.08.23 15:23:42 INFO  Connected to Scala CLI server v1.0.2
2023.08.23 15:23:42 INFO  Required scalafmt dialect rewrite to 'scala3'. Directories:
- motivation/ShardingContainerPoolBalancer.scala
2023.08.23 15:23:43 WARN  Could not find java sources in /usr/lib/jvm/src.zip, /usr/lib/jvm/lib/src.zip, /usr/lib/jvm/java-8-openjdk-amd64/src.zip, /usr/lib/jvm/java-8-openjdk-amd64/lib/src.zip, /usr/lib/jvm/src.zip, /usr/lib/jvm/lib/src.zip, /usr/lib/jvm/java-8-openjdk-amd64/src.zip, /usr/lib/jvm/java-8-openjdk-amd64/lib/src.zip, /usr/lib/jvm/java-8-openjdk-amd64/src.zip, /usr/lib/jvm/java-8-openjdk-amd64/lib/src.zip, /usr/lib/jvm/java-8-openjdk-amd64/jre/src.zip, /usr/lib/jvm/java-8-openjdk-amd64/jre/lib/src.zip. Java symbols will not be available.
2023.08.23 15:23:43 WARN  Could not find java sources in /usr/lib/jvm/src.zip, /usr/lib/jvm/lib/src.zip, /usr/lib/jvm/java-8-openjdk-amd64/src.zip, /usr/lib/jvm/java-8-openjdk-amd64/lib/src.zip, /usr/lib/jvm/src.zip, /usr/lib/jvm/lib/src.zip, /usr/lib/jvm/java-8-openjdk-amd64/src.zip, /usr/lib/jvm/java-8-openjdk-amd64/lib/src.zip, /usr/lib/jvm/java-8-openjdk-amd64/src.zip, /usr/lib/jvm/java-8-openjdk-amd64/lib/src.zip, /usr/lib/jvm/java-8-openjdk-amd64/jre/src.zip, /usr/lib/jvm/java-8-openjdk-amd64/jre/lib/src.zip. Java symbols will not be available.
2023.08.23 15:23:43 WARN  Could not find java sources in /usr/lib/jvm/src.zip, /usr/lib/jvm/lib/src.zip, /usr/lib/jvm/java-8-openjdk-amd64/src.zip, /usr/lib/jvm/java-8-openjdk-amd64/lib/src.zip, /usr/lib/jvm/src.zip, /usr/lib/jvm/lib/src.zip, /usr/lib/jvm/java-8-openjdk-amd64/src.zip, /usr/lib/jvm/java-8-openjdk-amd64/lib/src.zip, /usr/lib/jvm/java-8-openjdk-amd64/src.zip, /usr/lib/jvm/java-8-openjdk-amd64/lib/src.zip, /usr/lib/jvm/java-8-openjdk-amd64/jre/src.zip, /usr/lib/jvm/java-8-openjdk-amd64/jre/lib/src.zip. Java symbols will not be available.
2023.08.23 15:23:43 INFO  compiling pickmebench_bd2c96d2de (1 scala source)
2023.08.23 15:23:43 INFO  time: indexed workspace in 0.56s
2023.08.23 15:23:43 INFO  Scala CLI started for /home/caslab/workspace/pickmeBench
2023.08.23 15:23:43 WARN  Build server is not auto-connectable.
2023.08.23 15:23:43 WARN  no build tool detected in workspace '/home/caslab/workspace/pickmeBench'. The most common cause for this problem is that the editor was opened in the wrong working directory, for example if you use sbt then the workspace directory should contain build.sbt. 
2023.08.23 15:23:43 INFO  time: compiled pickmeBench_bd2c96d2de in 0.96s
2023.08.23 15:23:43 INFO  compiling pickmebench_bd2c96d2de (1 scala source)
2023.08.23 15:23:44 INFO  time: compiled pickmeBench_bd2c96d2de in 38ms
2023.08.23 15:24:42 INFO  compiling pickmebench_bd2c96d2de (1 scala source)
2023.08.23 15:24:42 INFO  time: compiled pickmeBench_bd2c96d2de in 0.17s
2023.08.23 15:24:42 INFO  Required scalafmt dialect rewrite to 'scala3'. Directories:
- motivation/ShardingContainerPoolBalancer.scala
2023.08.23 15:24:42 WARN  Could not find java sources in /usr/lib/jvm/src.zip, /usr/lib/jvm/lib/src.zip, /usr/lib/jvm/java-8-openjdk-amd64/src.zip, /usr/lib/jvm/java-8-openjdk-amd64/lib/src.zip, /usr/lib/jvm/src.zip, /usr/lib/jvm/lib/src.zip, /usr/lib/jvm/java-8-openjdk-amd64/src.zip, /usr/lib/jvm/java-8-openjdk-amd64/lib/src.zip, /usr/lib/jvm/java-8-openjdk-amd64/src.zip, /usr/lib/jvm/java-8-openjdk-amd64/lib/src.zip, /usr/lib/jvm/java-8-openjdk-amd64/jre/src.zip, /usr/lib/jvm/java-8-openjdk-amd64/jre/lib/src.zip. Java symbols will not be available.
2023.08.23 15:24:42 WARN  Could not find java sources in /usr/lib/jvm/src.zip, /usr/lib/jvm/lib/src.zip, /usr/lib/jvm/java-8-openjdk-amd64/src.zip, /usr/lib/jvm/java-8-openjdk-amd64/lib/src.zip, /usr/lib/jvm/src.zip, /usr/lib/jvm/lib/src.zip, /usr/lib/jvm/java-8-openjdk-amd64/src.zip, /usr/lib/jvm/java-8-openjdk-amd64/lib/src.zip, /usr/lib/jvm/java-8-openjdk-amd64/src.zip, /usr/lib/jvm/java-8-openjdk-amd64/lib/src.zip, /usr/lib/jvm/java-8-openjdk-amd64/jre/src.zip, /usr/lib/jvm/java-8-openjdk-amd64/jre/lib/src.zip. Java symbols will not be available.
2023.08.23 15:24:42 WARN  Could not find java sources in /usr/lib/jvm/src.zip, /usr/lib/jvm/lib/src.zip, /usr/lib/jvm/java-8-openjdk-amd64/src.zip, /usr/lib/jvm/java-8-openjdk-amd64/lib/src.zip, /usr/lib/jvm/src.zip, /usr/lib/jvm/lib/src.zip, /usr/lib/jvm/java-8-openjdk-amd64/src.zip, /usr/lib/jvm/java-8-openjdk-amd64/lib/src.zip, /usr/lib/jvm/java-8-openjdk-amd64/src.zip, /usr/lib/jvm/java-8-openjdk-amd64/lib/src.zip, /usr/lib/jvm/java-8-openjdk-amd64/jre/src.zip, /usr/lib/jvm/java-8-openjdk-amd64/jre/lib/src.zip. Java symbols will not be available.
2023.08.23 15:24:42 INFO  time: indexed workspace in 0.27s
2023.08.23 15:24:42 INFO  compiling pickmebench_bd2c96d2de (1 scala source)
2023.08.23 15:24:42 INFO  time: compiled pickmeBench_bd2c96d2de in 0.14s
2023.08.23 15:24:57 WARN  Could not find java sources in /usr/lib/jvm/src.zip, /usr/lib/jvm/lib/src.zip, /usr/lib/jvm/java-8-openjdk-amd64/src.zip, /usr/lib/jvm/java-8-openjdk-amd64/lib/src.zip, /usr/lib/jvm/src.zip, /usr/lib/jvm/lib/src.zip, /usr/lib/jvm/java-8-openjdk-amd64/src.zip, /usr/lib/jvm/java-8-openjdk-amd64/lib/src.zip, /usr/lib/jvm/java-8-openjdk-amd64/src.zip, /usr/lib/jvm/java-8-openjdk-amd64/lib/src.zip, /usr/lib/jvm/java-8-openjdk-amd64/jre/src.zip, /usr/lib/jvm/java-8-openjdk-amd64/jre/lib/src.zip. Java symbols will not be available.
2023.08.23 15:24:57 WARN  Could not find java sources in /usr/lib/jvm/src.zip, /usr/lib/jvm/lib/src.zip, /usr/lib/jvm/java-8-openjdk-amd64/src.zip, /usr/lib/jvm/java-8-openjdk-amd64/lib/src.zip, /usr/lib/jvm/src.zip, /usr/lib/jvm/lib/src.zip, /usr/lib/jvm/java-8-openjdk-amd64/src.zip, /usr/lib/jvm/java-8-openjdk-amd64/lib/src.zip, /usr/lib/jvm/java-8-openjdk-amd64/src.zip, /usr/lib/jvm/java-8-openjdk-amd64/lib/src.zip, /usr/lib/jvm/java-8-openjdk-amd64/jre/src.zip, /usr/lib/jvm/java-8-openjdk-amd64/jre/lib/src.zip. Java symbols will not be available.
2023.08.23 15:24:57 WARN  Could not find java sources in /usr/lib/jvm/src.zip, /usr/lib/jvm/lib/src.zip, /usr/lib/jvm/java-8-openjdk-amd64/src.zip, /usr/lib/jvm/java-8-openjdk-amd64/lib/src.zip, /usr/lib/jvm/src.zip, /usr/lib/jvm/lib/src.zip, /usr/lib/jvm/java-8-openjdk-amd64/src.zip, /usr/lib/jvm/java-8-openjdk-amd64/lib/src.zip, /usr/lib/jvm/java-8-openjdk-amd64/src.zip, /usr/lib/jvm/java-8-openjdk-amd64/lib/src.zip, /usr/lib/jvm/java-8-openjdk-amd64/jre/src.zip, /usr/lib/jvm/java-8-openjdk-amd64/jre/lib/src.zip. Java symbols will not be available.
2023.08.23 15:24:57 INFO  time: indexed workspace in 0.18s
2023.08.23 15:25:16 WARN  Could not find java sources in /usr/lib/jvm/src.zip, /usr/lib/jvm/lib/src.zip, /usr/lib/jvm/java-8-openjdk-amd64/src.zip, /usr/lib/jvm/java-8-openjdk-amd64/lib/src.zip, /usr/lib/jvm/src.zip, /usr/lib/jvm/lib/src.zip, /usr/lib/jvm/java-8-openjdk-amd64/src.zip, /usr/lib/jvm/java-8-openjdk-amd64/lib/src.zip, /usr/lib/jvm/java-8-openjdk-amd64/src.zip, /usr/lib/jvm/java-8-openjdk-amd64/lib/src.zip, /usr/lib/jvm/java-8-openjdk-amd64/jre/src.zip, /usr/lib/jvm/java-8-openjdk-amd64/jre/lib/src.zip. Java symbols will not be available.
2023.08.23 15:25:16 WARN  Could not find java sources in /usr/lib/jvm/src.zip, /usr/lib/jvm/lib/src.zip, /usr/lib/jvm/java-8-openjdk-amd64/src.zip, /usr/lib/jvm/java-8-openjdk-amd64/lib/src.zip, /usr/lib/jvm/src.zip, /usr/lib/jvm/lib/src.zip, /usr/lib/jvm/java-8-openjdk-amd64/src.zip, /usr/lib/jvm/java-8-openjdk-amd64/lib/src.zip, /usr/lib/jvm/java-8-openjdk-amd64/src.zip, /usr/lib/jvm/java-8-openjdk-amd64/lib/src.zip, /usr/lib/jvm/java-8-openjdk-amd64/jre/src.zip, /usr/lib/jvm/java-8-openjdk-amd64/jre/lib/src.zip. Java symbols will not be available.
2023.08.23 15:25:16 WARN  Could not find java sources in /usr/lib/jvm/src.zip, /usr/lib/jvm/lib/src.zip, /usr/lib/jvm/java-8-openjdk-amd64/src.zip, /usr/lib/jvm/java-8-openjdk-amd64/lib/src.zip, /usr/lib/jvm/src.zip, /usr/lib/jvm/lib/src.zip, /usr/lib/jvm/java-8-openjdk-amd64/src.zip, /usr/lib/jvm/java-8-openjdk-amd64/lib/src.zip, /usr/lib/jvm/java-8-openjdk-amd64/src.zip, /usr/lib/jvm/java-8-openjdk-amd64/lib/src.zip, /usr/lib/jvm/java-8-openjdk-amd64/jre/src.zip, /usr/lib/jvm/java-8-openjdk-amd64/jre/lib/src.zip. Java symbols will not be available.
2023.08.23 15:25:16 INFO  time: indexed workspace in 0.15s
2023.08.23 15:25:21 INFO  logging to files /home/caslab/workspace/openwhisk-comp/openwhisk-harv-vm-cgroup-azure-distributed/.metals/metals.log,/home/caslab/workspace/openwhisk-comp/openwhisk-harv-vm-cgroup-azure-distributed-jsq/.metals/metals.log
2023.08.23 15:25:21 INFO  Shut down connection with build server.
2023.08.23 15:25:59 WARN  no build target for: /home/caslab/workspace/openwhisk-comp/openwhisk-harv-vm-cgroup-azure-distributed/core/invoker/src/main/scala/org/apache/openwhisk/core/containerpool/ContainerPool.scala
2023.08.23 15:25:59 INFO  no build target found for /home/caslab/workspace/openwhisk-comp/openwhisk-harv-vm-cgroup-azure-distributed/core/invoker/src/main/scala/org/apache/openwhisk/core/containerpool/ContainerPool.scala. Using presentation compiler with project's scala-library version: 3.3.0
2023.08.23 15:26:00 WARN  no build target for: /home/caslab/workspace/openwhisk-comp/openwhisk-harv-vm-cgroup-azure-distributed/core/invoker/src/main/scala/org/apache/openwhisk/core/containerpool/ContainerProxy.scala
2023.08.23 15:26:03 INFO  time: code lens generation in 2.75s
2023.08.23 15:26:04 INFO  time: code lens generation in 4.36s
2023.08.23 15:26:40 WARN  no build target for: /home/caslab/workspace/openwhisk-comp/openwhisk-harv-vm-cgroup-azure-distributed/common/scala/src/main/scala/org/apache/openwhisk/common/TransactionId.scala
2023.08.23 15:55:07 INFO  Started: Metals version 1.0.0 in folders '/home/caslab/workspace/openwhisk-comp/openwhisk-harv-vm-cgroup-azure-distributed, /home/caslab/workspace/openwhisk-comp/openwhisk-harv-vm-cgroup-azure-distributed-jsq' for client Visual Studio Code 1.81.1.
Aug 23, 2023 3:55:07 PM org.flywaydb.core.internal.license.VersionPrinter printVersionOnly
INFO: Flyway Community Edition 9.20.1 by Redgate
Aug 23, 2023 3:55:07 PM org.flywaydb.core.internal.license.VersionPrinter printVersion
INFO: See release notes here: https://rd.gt/416ObMi
Aug 23, 2023 3:55:07 PM org.flywaydb.core.internal.license.VersionPrinter printVersion
INFO: 
Aug 23, 2023 3:55:08 PM org.flywaydb.core.internal.database.base.BaseDatabaseType createDatabase
INFO: Database: jdbc:h2:file:/home/caslab/workspace/openwhisk-comp/openwhisk-harv-vm-cgroup-azure-distributed/.metals/metals (H2 2.1)
Aug 23, 2023 3:55:08 PM org.flywaydb.core.internal.command.DbValidate validate
INFO: Successfully validated 4 migrations (execution time 00:00.022s)
Aug 23, 2023 3:55:08 PM org.flywaydb.core.internal.command.DbMigrate migrateGroup
INFO: Current version of schema "PUBLIC": 4
Aug 23, 2023 3:55:08 PM org.flywaydb.core.internal.command.DbMigrate logSummary
INFO: Schema "PUBLIC" is up to date. No migration necessary.
Aug 23, 2023 3:55:08 PM org.flywaydb.core.internal.database.base.BaseDatabaseType createDatabase
INFO: Database: jdbc:h2:file:/home/caslab/workspace/openwhisk-comp/openwhisk-harv-vm-cgroup-azure-distributed-jsq/.metals/metals (H2 2.1)
Aug 23, 2023 3:55:08 PM org.flywaydb.core.internal.command.DbValidate validate
INFO: Successfully validated 4 migrations (execution time 00:00.004s)
Aug 23, 2023 3:55:08 PM org.flywaydb.core.internal.command.DbMigrate migrateGroup
INFO: Current version of schema "PUBLIC": 4
Aug 23, 2023 3:55:08 PM org.flywaydb.core.internal.command.DbMigrate logSummary
INFO: Schema "PUBLIC" is up to date. No migration necessary.
2023.08.23 15:55:08 INFO  time: initialize in 0.81s
2023.08.23 15:55:09 WARN  Build server is not auto-connectable.
2023.08.23 15:55:08 INFO  Attempting to connect to the build server...
2023.08.23 15:55:08 INFO  Bloop uses /usr/lib/jvm/java-8-openjdk-amd64 defined at /home/caslab/.bloop/bloop.json
2023.08.23 15:55:09 INFO  skipping build import with status 'Installed'
2023.08.23 15:55:09 INFO  tracing is disabled for protocol BSP, to enable tracing of incoming and outgoing JSON messages create an empty file at /home/caslab/workspace/openwhisk-comp/openwhisk-harv-vm-cgroup-azure-distributed-jsq/.metals/bsp.trace.json or /home/caslab/.cache/metals/bsp.trace.json
2023.08.23 15:55:09 INFO  time: Connected to build server in 0.33s
2023.08.23 15:55:09 INFO  Connected to Build server: Bloop v1.5.8
2023.08.23 15:55:10 INFO  no build target found for /home/caslab/workspace/openwhisk-comp/openwhisk-harv-vm-cgroup-azure-distributed-jsq/core/invoker/src/main/scala/org/apache/openwhisk/core/containerpool/ContainerProxy.scala. Using presentation compiler with project's scala-library version: 3.3.0
2023.08.23 15:55:10 INFO  time: code lens generation in 1.86s
2023.08.23 15:55:11 INFO  time: Imported build in 0.17s
2023.08.23 15:55:11 WARN  2.12.9 is no longer supported in the current Metals versions, using the last known supported version 0.11.10
2023.08.23 15:55:15 ERROR Failed to fetch mtags for 2.12.3
Error downloading org.scalameta:mtags_2.12.3:1.0.0
  not found: /home/caslab/.ivy2/local/org.scalameta/mtags_2.12.3/1.0.0/ivys/ivy.xml
  not found: https://repo1.maven.org/maven2/org/scalameta/mtags_2.12.3/1.0.0/mtags_2.12.3-1.0.0.pom
  not found: /home/caslab/.ivy2/local/org.scalameta/mtags_2.12.3/1.0.0/ivys/ivy.xml
  not found: https://oss.sonatype.org/content/repositories/public/org/scalameta/mtags_2.12.3/1.0.0/mtags_2.12.3-1.0.0.pom
  not found: https://oss.sonatype.org/content/repositories/snapshots/org/scalameta/mtags_2.12.3/1.0.0/mtags_2.12.3-1.0.0.pom
2023.08.23 15:55:17 ERROR Failed to fetch mtags for 2.12.3
Error downloading org.scalameta:mtags_2.12.3:1.0.0
  not found: /home/caslab/.ivy2/local/org.scalameta/mtags_2.12.3/1.0.0/ivys/ivy.xml
  not found: https://repo1.maven.org/maven2/org/scalameta/mtags_2.12.3/1.0.0/mtags_2.12.3-1.0.0.pom
  not found: /home/caslab/.ivy2/local/org.scalameta/mtags_2.12.3/1.0.0/ivys/ivy.xml
  not found: https://oss.sonatype.org/content/repositories/public/org/scalameta/mtags_2.12.3/1.0.0/mtags_2.12.3-1.0.0.pom
  not found: https://oss.sonatype.org/content/repositories/snapshots/org/scalameta/mtags_2.12.3/1.0.0/mtags_2.12.3-1.0.0.pom
2023.08.23 15:55:20 WARN  Could not find java sources in /usr/lib/jvm/src.zip, /usr/lib/jvm/lib/src.zip, /usr/lib/jvm/java-8-openjdk-amd64/src.zip, /usr/lib/jvm/java-8-openjdk-amd64/lib/src.zip, /usr/lib/jvm/src.zip, /usr/lib/jvm/lib/src.zip, /usr/lib/jvm/java-8-openjdk-amd64/src.zip, /usr/lib/jvm/java-8-openjdk-amd64/lib/src.zip, /usr/lib/jvm/java-8-openjdk-amd64/src.zip, /usr/lib/jvm/java-8-openjdk-amd64/lib/src.zip, /usr/lib/jvm/java-8-openjdk-amd64/jre/src.zip, /usr/lib/jvm/java-8-openjdk-amd64/jre/lib/src.zip. Java symbols will not be available.
2023.08.23 15:55:20 WARN  Could not find java sources in /usr/lib/jvm/src.zip, /usr/lib/jvm/lib/src.zip, /usr/lib/jvm/java-8-openjdk-amd64/src.zip, /usr/lib/jvm/java-8-openjdk-amd64/lib/src.zip, /usr/lib/jvm/src.zip, /usr/lib/jvm/lib/src.zip, /usr/lib/jvm/java-8-openjdk-amd64/src.zip, /usr/lib/jvm/java-8-openjdk-amd64/lib/src.zip, /usr/lib/jvm/java-8-openjdk-amd64/src.zip, /usr/lib/jvm/java-8-openjdk-amd64/lib/src.zip, /usr/lib/jvm/java-8-openjdk-amd64/jre/src.zip, /usr/lib/jvm/java-8-openjdk-amd64/jre/lib/src.zip. Java symbols will not be available.
2023.08.23 15:55:20 WARN  Could not find java sources in /usr/lib/jvm/src.zip, /usr/lib/jvm/lib/src.zip, /usr/lib/jvm/java-8-openjdk-amd64/src.zip, /usr/lib/jvm/java-8-openjdk-amd64/lib/src.zip, /usr/lib/jvm/src.zip, /usr/lib/jvm/lib/src.zip, /usr/lib/jvm/java-8-openjdk-amd64/src.zip, /usr/lib/jvm/java-8-openjdk-amd64/lib/src.zip, /usr/lib/jvm/java-8-openjdk-amd64/src.zip, /usr/lib/jvm/java-8-openjdk-amd64/lib/src.zip, /usr/lib/jvm/java-8-openjdk-amd64/jre/src.zip, /usr/lib/jvm/java-8-openjdk-amd64/jre/lib/src.zip. Java symbols will not be available.
2023.08.23 15:55:20 INFO  time: indexed workspace in 9.9s
2023.08.23 15:55:21 INFO  compiling admin (4 scala sources)
2023.08.23 15:55:21 INFO  compiling cache-invalidator (6 scala sources)
2023.08.23 15:55:24 INFO  time: compiled cache-invalidator in 2.9s
2023.08.23 15:55:24 WARN  there were 22 feature warnings; re-run with -feature for details
2023.08.23 15:55:24 INFO  time: compiled admin in 2.98s
2023.08.23 15:55:24 INFO  compiling standalone (10 scala sources)
2023.08.23 15:55:24 INFO  compiling tests (1 scala source)
2023.08.23 15:55:24 INFO  time: compiled tests in 0.17s
2023.08.23 15:55:24 INFO  compiling tests-test (201 scala sources and 5 java sources)
2023.08.23 15:55:27 INFO  compiling standalone-test (1 scala source)
2023.08.23 15:55:27 INFO  time: compiled standalone in 3.56s
2023.08.23 15:55:27 INFO  time: compiled standalone-test in 0.26s
2023.08.23 15:55:45 INFO  time: compiled tests-test in 21s
2023.08.23 15:57:07 WARN  no build target for: /home/caslab/workspace/openwhisk-comp/openwhisk-harv-vm-cgroup-azure-distributed/core/invoker/src/main/scala/org/apache/openwhisk/core/containerpool/ContainerPool.scala
2023.08.23 15:57:08 INFO  no build target found for /home/caslab/workspace/openwhisk-comp/openwhisk-harv-vm-cgroup-azure-distributed/core/invoker/src/main/scala/org/apache/openwhisk/core/containerpool/ContainerPool.scala. Using presentation compiler with project's scala-library version: 3.3.0
2023.08.23 15:57:10 INFO  time: code lens generation in 2.6s
